<?xml version="1.0" encoding="UTF-8"?>
<!-- Generated by org.testng.reporters.JUnitReportReporter -->
<testsuite hostname="DESKTOP-66DS3TN" failures="0" tests="1" name="tests.Login_Test" time="12.296" errors="0" timestamp="2020-03-14T09:26:24 EET" skipped="0">
  <testcase classname="tests.Login_Test" name="loginSucceffully" time="12.296"/>
</testsuite> <!-- tests.Login_Test -->
