<?xml version="1.0" encoding="UTF-8"?>
<!-- Generated by org.testng.reporters.JUnitReportReporter -->
<testsuite hostname="DESKTOP-66DS3TN" failures="0" tests="3" name="tests.UserRegistration_Test" time="30.676" errors="0" timestamp="2020-03-14T13:29:06 EET" skipped="1">
  <testcase classname="tests.UserRegistration_Test" name="SuccessfullyRegister" time="17.281"/>
  <testcase classname="tests.UserRegistration_Test" name="SuccessfullyRegister" time="13.395"/>
  <testcase classname="tests.UserRegistration_Test" name="UserLoginSucceffully">
    <skipped/>
  </testcase> <!-- UserLoginSucceffully -->
</testsuite> <!-- tests.UserRegistration_Test -->
